<?xml version="1.0" encoding="UTF-8"?>
<!-- Generated by org.testng.reporters.JUnitXMLReporter -->
<testsuite ignored="0" hostname="DESKTOP-3S6OMEN" failures="0" tests="1" name="Test-Runner 2" time="32.502" errors="0" timestamp="2023-01-24T19:09:49 IST">
  <testcase classname="com.testscripts.demoblaze.Addtocart" name="addtocartTest" time="22.175"/>
</testsuite> <!-- Test-Runner 2 -->
