<?xml version="1.0" encoding="UTF-8"?>
<!-- Generated by org.testng.reporters.JUnitReportReporter -->
<testsuite hostname="DESKTOP-3S6OMEN" failures="0" tests="1" name="com.testscripts.demoblaze.ContactDemoBlaze" time="8.134" errors="0" timestamp="2023-01-29T11:29:44 IST" skipped="0">
  <testcase classname="com.testscripts.demoblaze.ContactDemoBlaze" name="contactdemoTest" time="8.134"/>
  <system-out/>
</testsuite> <!-- com.testscripts.demoblaze.ContactDemoBlaze -->
